[01-07-17 21:55:55]     >>> hi          you
[01-07-17 21:55:55]       > how are you
[01-07-17 21:55:55]       > this fine day 
[01-07-17 21:56:02]     >>> hi          you
[01-07-17 21:56:02]       > how are you
[01-07-17 21:56:02]       > this fine day 
[01-07-17 21:56:06]     >>> hi          you
[01-07-17 21:56:06]       > how are you
[01-07-17 21:56:06]       > this fine day 
[01-07-17 21:56:07]     >>> hi          you
[01-07-17 21:56:07]       > how are you
[01-07-17 21:56:07]       > this fine day 
[01-07-17 21:57:07]     >>> hi          you
[01-07-17 21:57:07]       > how are you
[01-07-17 21:57:07]       > this fine day 
[01-07-17 21:57:23]     >>> hi          you
[01-07-17 21:57:23]       > how are you
[01-07-17 21:57:23]       > this fine day 
    >>> hi          you
      > how are you
      > this fine day 
[01-07-17 21:57:45]     >>> hi          you
[01-07-17 21:57:45]       > how are you
[01-07-17 21:57:45]       > this fine day 
    >>> hi          you
      > how are you
      > this fine day 
    >>> hi          you
      > how are you
      > this fine day 
[01-07-17 22:03:06]     >>> hi          you
[01-07-17 22:03:06]       > how are you
[01-07-17 22:03:06]       > this fine day 
[01-07-17 22:04:08]     >>> hi          you
[01-07-17 22:04:08]       > how are you
[01-07-17 22:04:08]       > this fine day 
    >>> hi          you
      > how are you
      > this fine day 
>>> hi          you
  > how are you
  > this fine day 
>>> ~~~ COMMENCING THE THING!!! ~~~ <<<
>>> ~~~ COMMENCING THE THING!!! ~~~ <<<
>>> ~~~ COMMENCING THE THING!!! ~~~ <<<

>>> ~~~ COMMENCING THE THING!!! ~~~ <<<

>>> ~~~ COMMENCING THE THING!!! ~~~ <<<

>>> ~~~ COMMENCING THE THING!!! ~~~ <<<

>>> ~~~ COMMENCING THE THING!!! ~~~ <<<

>>> ~~~ COMMENCING THE THING!!! ~~~ <<<


>>> ~~~ COMMENCING THE THING!!! ~~~ <<<

This is a test! 
